Warning[205] C:\USERS\ESTUDIANTE66\DOCUMENTS\VALENZUELA_A\PRACTICA5\PRAC5.ASM 1 : Found directive in column 1. (LIST)
Warning[205] C:\USERS\ESTUDIANTE66\DOCUMENTS\VALENZUELA_A\PRACTICA5\PRAC5.ASM 3 : Found directive in column 1. (INCLUDE)
Message[301] C:\PROGRAM FILES (X86)\MICROCHIP\MPASM SUITE\P16F877.INC 33 : MESSAGE: (Processor-header file mismatch.  Verify selected processor.)
Warning[205] C:\USERS\ESTUDIANTE66\DOCUMENTS\VALENZUELA_A\PRACTICA5\PRAC5.ASM 4 : Found directive in column 1. (ORG)
Warning[207] C:\USERS\ESTUDIANTE66\DOCUMENTS\VALENZUELA_A\PRACTICA5\PRAC5.ASM 6 : Found label after column 1. (DATO1)
Warning[207] C:\USERS\ESTUDIANTE66\DOCUMENTS\VALENZUELA_A\PRACTICA5\PRAC5.ASM 7 : Found label after column 1. (DATO2)
Warning[207] C:\USERS\ESTUDIANTE66\DOCUMENTS\VALENZUELA_A\PRACTICA5\PRAC5.ASM 8 : Found label after column 1. (OPERACION)
Message[302] C:\USERS\ESTUDIANTE66\DOCUMENTS\VALENZUELA_A\PRACTICA5\PRAC5.ASM 20 : Register in operand not in bank 0.  Ensure that bank bits are correct.
Message[302] C:\USERS\ESTUDIANTE66\DOCUMENTS\VALENZUELA_A\PRACTICA5\PRAC5.ASM 22 : Register in operand not in bank 0.  Ensure that bank bits are correct.
Warning[207] C:\USERS\ESTUDIANTE66\DOCUMENTS\VALENZUELA_A\PRACTICA5\PRAC5.ASM 97 : Found label after column 1. (SIETE)
Warning[207] C:\USERS\ESTUDIANTE66\DOCUMENTS\VALENZUELA_A\PRACTICA5\PRAC5.ASM 104 : Found label after column 1. (OCHO)
Warning[207] C:\USERS\ESTUDIANTE66\DOCUMENTS\VALENZUELA_A\PRACTICA5\PRAC5.ASM 111 : Found label after column 1. (NUEVE)
Warning[207] C:\USERS\ESTUDIANTE66\DOCUMENTS\VALENZUELA_A\PRACTICA5\PRAC5.ASM 121 : Found label after column 1. (CUATRO)
Warning[207] C:\USERS\ESTUDIANTE66\DOCUMENTS\VALENZUELA_A\PRACTICA5\PRAC5.ASM 128 : Found label after column 1. (CINCO)
Warning[207] C:\USERS\ESTUDIANTE66\DOCUMENTS\VALENZUELA_A\PRACTICA5\PRAC5.ASM 136 : Found label after column 1. (SEIS)
Warning[207] C:\USERS\ESTUDIANTE66\DOCUMENTS\VALENZUELA_A\PRACTICA5\PRAC5.ASM 146 : Found label after column 1. (UNO)
Warning[207] C:\USERS\ESTUDIANTE66\DOCUMENTS\VALENZUELA_A\PRACTICA5\PRAC5.ASM 153 : Found label after column 1. (DOS)
Warning[207] C:\USERS\ESTUDIANTE66\DOCUMENTS\VALENZUELA_A\PRACTICA5\PRAC5.ASM 161 : Found label after column 1. (TRES)
Warning[207] C:\USERS\ESTUDIANTE66\DOCUMENTS\VALENZUELA_A\PRACTICA5\PRAC5.ASM 171 : Found label after column 1. (CLR)
Warning[207] C:\USERS\ESTUDIANTE66\DOCUMENTS\VALENZUELA_A\PRACTICA5\PRAC5.ASM 175 : Found label after column 1. (CERO)
Warning[207] C:\USERS\ESTUDIANTE66\DOCUMENTS\VALENZUELA_A\PRACTICA5\PRAC5.ASM 181 : Found label after column 1. (IGUAL)
Error[113]   C:\USERS\ESTUDIANTE66\DOCUMENTS\VALENZUELA_A\PRACTICA5\PRAC5.ASM 184 : Symbol not previously defined (RESULTADO)
Error[113]   C:\USERS\ESTUDIANTE66\DOCUMENTS\VALENZUELA_A\PRACTICA5\PRAC5.ASM 185 : Symbol not previously defined (RESULTADO)
Warning[207] C:\USERS\ESTUDIANTE66\DOCUMENTS\VALENZUELA_A\PRACTICA5\PRAC5.ASM 190 : Found label after column 1. (SUMA)
Warning[203] C:\USERS\ESTUDIANTE66\DOCUMENTS\VALENZUELA_A\PRACTICA5\PRAC5.ASM 201 : Found opcode in column 1. (ADDWF)
Warning[205] C:\USERS\ESTUDIANTE66\DOCUMENTS\VALENZUELA_A\PRACTICA5\PRAC5.ASM 213 : Found directive in column 1. (END)
